Using pre-set license
Built from '2020.2/staging' branch; Version is '2020.2.7f1 (c53830e277f1) revision 12924976'; Using compiler version '192528614'; Build Type 'Release'
OS: 'Windows 10 Pro; OS build 19042.1288; Version 2009; 64bit' Language: 'en' Physical Memory: 4063 MB
BatchMode: 1, IsHumanControllingUs: 0, StartBugReporterOnCrash: 0, Is64bit: 1, IsPro: 0

 COMMAND LINE ARGUMENTS:
D:\Program Files\Unity\Editor\Unity.exe
-adb2
-batchMode
-noUpm
-name
AssetImportWorker0
-projectPath
E:/MOHAMMAD/Project/Unity/Second Training Project
-logFile
Logs/AssetImportWorker0.log
-srvPort
13813
Successfully changed project path to: E:/MOHAMMAD/Project/Unity/Second Training Project
E:/MOHAMMAD/Project/Unity/Second Training Project
Using Asset Import Pipeline V2.
Refreshing native plugins compatible for Editor in 188.05 ms, found 1 plugins.
Preloading 0 native plugins for Editor in 0.00 ms.
Initialize engine version: 2020.2.7f1 (c53830e277f1)
[Subsystems] Discovering subsystems at path D:/Program Files/Unity/Editor/Data/Resources/UnitySubsystems
[Subsystems] Discovering subsystems at path E:/MOHAMMAD/Project/Unity/Second Training Project/Assets
GfxDevice: creating device client; threaded=0
Direct3D:
    Version:  Direct3D 11.0 [level 11.1]
    Renderer: Microsoft Basic Render Driver (ID=0x8c)
    Vendor:   
    VRAM:     2031 MB
Initialize mono
Mono path[0] = 'D:/Program Files/Unity/Editor/Data/Managed'
Mono path[1] = 'D:/Program Files/Unity/Editor/Data/MonoBleedingEdge/lib/mono/unityjit'
Mono config path = 'D:/Program Files/Unity/Editor/Data/MonoBleedingEdge/etc'
Using monoOptions --debugger-agent=transport=dt_socket,embedding=1,server=y,suspend=n,address=127.0.0.1:56456
Begin MonoManager ReloadAssembly
Registering precompiled unity dll's ...
Register platform support module: D:/Program Files/Unity/Editor/Data/PlaybackEngines/WindowsStandaloneSupport/UnityEditor.WindowsStandalone.Extensions.dll
Registered in 0.049093 seconds.
Native extension for WindowsStandalone target not found
Refreshing native plugins compatible for Editor in 123.86 ms, found 1 plugins.
Preloading 0 native plugins for Editor in 0.00 ms.
Invoked RoslynAnalysisRunner static constructor.
RoslynAnalysisRunner will not be running.
RoslynAnalysisRunner has terminated.
Mono: successfully reloaded assembly
- Completed reload, in  4.509 seconds
Platform modules already initialized, skipping
Registering precompiled user dll's ...
Registered in 0.001968 seconds.
Begin MonoManager ReloadAssembly
OnLevelWasLoaded was found on ReturnToMainMenu
This message has been deprecated and will be removed in a later version of Unity.
Add a delegate to SceneManager.sceneLoaded instead to get notifications after scene loading has completed

Native extension for WindowsStandalone target not found
Refreshing native plugins compatible for Editor in 122.34 ms, found 1 plugins.
Preloading 0 native plugins for Editor in 0.00 ms.
Invoked RoslynAnalysisRunner static constructor.
RoslynAnalysisRunner will not be running.
RoslynAnalysisRunner has terminated.
Mono: successfully reloaded assembly
- Completed reload, in  4.110 seconds
Platform modules already initialized, skipping
========================================================================
Worker process is ready to serve import requests
Launched and connected shader compiler UnityShaderCompiler.exe after 0.16 seconds
Refreshing native plugins compatible for Editor in 0.99 ms, found 1 plugins.
Preloading 0 native plugins for Editor in 0.00 ms.
Unloading 2055 Unused Serialized files (Serialized files now loaded: 0)
System memory in use before: 110.1 MB.
System memory in use after: 109.7 MB.

Unloading 26 unused Assets to reduce memory usage. Loaded Objects now: 2503.
Total: 7.681600 ms (FindLiveObjects: 0.890100 ms CreateObjectMapping: 0.208700 ms MarkObjects: 5.401300 ms  DeleteObjects: 0.799000 ms)

========================================================================
Received Import Request.
  path: Assets/Prefabe/Apple.prefab
  artifactKey: Guid(001bd7159c1330f4d8f02a5c08e0af4a) Importer(815301076,1909f56bfc062723c751e8b465ee728b)
Start importing Assets/Prefabe/Apple.prefab using Guid(001bd7159c1330f4d8f02a5c08e0af4a) Importer(815301076,1909f56bfc062723c751e8b465ee728b)  -> (artifact id: '3c20eec520b1d8950595d5bd240b74d9') in 1.070378 seconds
  Import took 1.172224 seconds .

========================================================================
Received Import Request.
  Time since last request: 0.012233 seconds.
  path: Assets/Prefabe/Coin.prefab
  artifactKey: Guid(01d97b29e77a2e441bec8e45bb4d3093) Importer(815301076,1909f56bfc062723c751e8b465ee728b)
Start importing Assets/Prefabe/Coin.prefab using Guid(01d97b29e77a2e441bec8e45bb4d3093) Importer(815301076,1909f56bfc062723c751e8b465ee728b)  -> (artifact id: 'ecc7509b4e752513a9fd68fd007fe29e') in 0.353234 seconds
  Import took 0.544327 seconds .

========================================================================
Received Import Request.
  Time since last request: 0.506908 seconds.
  path: Assets/Prefabe/Knife.prefab
  artifactKey: Guid(3a3db0f1606c4a6459215ab9b2b0f70c) Importer(815301076,1909f56bfc062723c751e8b465ee728b)
Start importing Assets/Prefabe/Knife.prefab using Guid(3a3db0f1606c4a6459215ab9b2b0f70c) Importer(815301076,1909f56bfc062723c751e8b465ee728b)  -> (artifact id: '72c27b78bd4ff446bc510c214b352c15') in 0.557067 seconds
  Import took 0.732544 seconds .

========================================================================
Received Import Request.
  Time since last request: 339.891849 seconds.
  path: Assets/Prefabe/Coin.prefab
  artifactKey: Guid(01d97b29e77a2e441bec8e45bb4d3093) Importer(815301076,1909f56bfc062723c751e8b465ee728b)
Start importing Assets/Prefabe/Coin.prefab using Guid(01d97b29e77a2e441bec8e45bb4d3093) Importer(815301076,1909f56bfc062723c751e8b465ee728b)  -> (artifact id: '96b7b23227dbcc144f345e59786bdc97') in 0.053438 seconds
  Import took 0.120433 seconds .

========================================================================
Received Import Request.
  Time since last request: 12.363039 seconds.
  path: Assets/Prefabe/Coin.prefab
  artifactKey: Guid(01d97b29e77a2e441bec8e45bb4d3093) Importer(815301076,1909f56bfc062723c751e8b465ee728b)
Start importing Assets/Prefabe/Coin.prefab using Guid(01d97b29e77a2e441bec8e45bb4d3093) Importer(815301076,1909f56bfc062723c751e8b465ee728b)  -> (artifact id: 'dcd628e91a592116facd9ac212cc9627') in 1.673023 seconds
  Import took 1.712037 seconds .

========================================================================
Received Import Request.
  Time since last request: 4.072787 seconds.
  path: Assets/Prefabe/Coin.prefab
  artifactKey: Guid(01d97b29e77a2e441bec8e45bb4d3093) Importer(815301076,1909f56bfc062723c751e8b465ee728b)
Start importing Assets/Prefabe/Coin.prefab using Guid(01d97b29e77a2e441bec8e45bb4d3093) Importer(815301076,1909f56bfc062723c751e8b465ee728b)  -> (artifact id: 'f2906f2623e86f0ae4cdc6a43f6789f4') in 0.159214 seconds
  Import took 0.169980 seconds .

========================================================================
Received Import Request.
  Time since last request: 72.849398 seconds.
  path: Assets/Scripts/Player/Player.cs
  artifactKey: Guid(34a74e6b3868fff47b45221a243835bf) Importer(815301076,1909f56bfc062723c751e8b465ee728b)
Start importing Assets/Scripts/Player/Player.cs using Guid(34a74e6b3868fff47b45221a243835bf) Importer(815301076,1909f56bfc062723c751e8b465ee728b)  -> (artifact id: 'b8e8faa545c5af2e5fef7ac803305cf2') in 0.324746 seconds
  Import took 0.406750 seconds .

========================================================================
Received Prepare
Registering precompiled user dll's ...
Registered in 0.002586 seconds.
Begin MonoManager ReloadAssembly
Native extension for WindowsStandalone target not found
Refreshing native plugins compatible for Editor in 1.03 ms, found 1 plugins.
Preloading 0 native plugins for Editor in 0.00 ms.
Invoked RoslynAnalysisRunner static constructor.
RoslynAnalysisRunner will not be running.
RoslynAnalysisRunner has terminated.
Mono: successfully reloaded assembly
- Completed reload, in  9.749 seconds
Platform modules already initialized, skipping
OnLevelWasLoaded was found on ReturnToMainMenu
This message has been deprecated and will be removed in a later version of Unity.
Add a delegate to SceneManager.sceneLoaded instead to get notifications after scene loading has completed

Refreshing native plugins compatible for Editor in 1.00 ms, found 1 plugins.
Preloading 0 native plugins for Editor in 0.00 ms.
Unloading 1966 Unused Serialized files (Serialized files now loaded: 0)
System memory in use before: 106.5 MB.
System memory in use after: 106.1 MB.

Unloading 14 unused Assets to reduce memory usage. Loaded Objects now: 2514.
Total: 8.345800 ms (FindLiveObjects: 0.633600 ms CreateObjectMapping: 0.139300 ms MarkObjects: 6.798900 ms  DeleteObjects: 0.770500 ms)

========================================================================
Received Import Request.
  Time since last request: 442.348372 seconds.
  path: Assets/Prefabe/Coin.prefab
  artifactKey: Guid(01d97b29e77a2e441bec8e45bb4d3093) Importer(815301076,1909f56bfc062723c751e8b465ee728b)
Start importing Assets/Prefabe/Coin.prefab using Guid(01d97b29e77a2e441bec8e45bb4d3093) Importer(815301076,1909f56bfc062723c751e8b465ee728b)  -> (artifact id: '527fe41edc50e6f038cf4783ab1bb68b') in 15.460333 seconds
  Import took 15.487010 seconds .

========================================================================
Received Prepare
Registering precompiled user dll's ...
Registered in 0.001835 seconds.
Begin MonoManager ReloadAssembly
Native extension for WindowsStandalone target not found
Refreshing native plugins compatible for Editor in 1.97 ms, found 1 plugins.
Preloading 0 native plugins for Editor in 0.00 ms.
Invoked RoslynAnalysisRunner static constructor.
RoslynAnalysisRunner will not be running.
RoslynAnalysisRunner has terminated.
Mono: successfully reloaded assembly
- Completed reload, in  3.026 seconds
Platform modules already initialized, skipping
OnLevelWasLoaded was found on ReturnToMainMenu
This message has been deprecated and will be removed in a later version of Unity.
Add a delegate to SceneManager.sceneLoaded instead to get notifications after scene loading has completed

Refreshing native plugins compatible for Editor in 0.99 ms, found 1 plugins.
Preloading 0 native plugins for Editor in 0.00 ms.
Unloading 1966 Unused Serialized files (Serialized files now loaded: 0)
System memory in use before: 106.5 MB.
System memory in use after: 106.1 MB.

Unloading 14 unused Assets to reduce memory usage. Loaded Objects now: 2519.
Total: 15.185900 ms (FindLiveObjects: 0.639900 ms CreateObjectMapping: 0.176500 ms MarkObjects: 12.517500 ms  DeleteObjects: 1.849200 ms)

========================================================================
Received Import Request.
  Time since last request: 73.115786 seconds.
  path: Assets/Images/apple-png-28987.png
  artifactKey: Guid(e0944259c37ca484fa3b555ca680cedd) Importer(815301076,1909f56bfc062723c751e8b465ee728b)
Start importing Assets/Images/apple-png-28987.png using Guid(e0944259c37ca484fa3b555ca680cedd) Importer(815301076,1909f56bfc062723c751e8b465ee728b)  -> (artifact id: '6359f07494ae863bdd376ab74fa8e932') in 1.871977 seconds
  Import took 1.902627 seconds .

========================================================================
Received Import Request.
  Time since last request: 0.000436 seconds.
  path: Assets/Images/coins-png-25224.png
  artifactKey: Guid(a7df931a87231244fae6ef794f5b3dc3) Importer(815301076,1909f56bfc062723c751e8b465ee728b)
Start importing Assets/Images/coins-png-25224.png using Guid(a7df931a87231244fae6ef794f5b3dc3) Importer(815301076,1909f56bfc062723c751e8b465ee728b)  -> (artifact id: '440d6734e43f4033b128e48bf718f67d') in 0.595694 seconds
  Import took 0.715678 seconds .

========================================================================
Received Import Request.
  Time since last request: 0.001862 seconds.
  path: Assets/Images/knife-png-20570.png
  artifactKey: Guid(bc7c1aedcea7e0949b3499ce9773aa37) Importer(815301076,1909f56bfc062723c751e8b465ee728b)
Start importing Assets/Images/knife-png-20570.png using Guid(bc7c1aedcea7e0949b3499ce9773aa37) Importer(815301076,1909f56bfc062723c751e8b465ee728b)  -> (artifact id: '9661082baf92d6dfcbc8aea72d7254be') in 1.121175 seconds
  Import took 1.178538 seconds .

========================================================================
Received Import Request.
  Time since last request: 183.984464 seconds.
  path: Assets/Scripts
  artifactKey: Guid(f1c79c266cc0b574abc9cb6f4e592ece) Importer(815301076,1909f56bfc062723c751e8b465ee728b)
Start importing Assets/Scripts using Guid(f1c79c266cc0b574abc9cb6f4e592ece) Importer(815301076,1909f56bfc062723c751e8b465ee728b)  -> (artifact id: 'ce7e34b4bfe1cb20daaa67715e731b6f') in 0.154414 seconds
  Import took 0.202081 seconds .

========================================================================
Received Import Request.
  Time since last request: 21.101017 seconds.
  path: Assets/Scripts/Coins
  artifactKey: Guid(2fc96aa4d52a6f14698886aa37930f5f) Importer(815301076,1909f56bfc062723c751e8b465ee728b)
Start importing Assets/Scripts/Coins using Guid(2fc96aa4d52a6f14698886aa37930f5f) Importer(815301076,1909f56bfc062723c751e8b465ee728b)  -> (artifact id: '30166af13b8f31d8138254d3ac0c140c') in 0.031164 seconds
  Import took 0.055080 seconds .

========================================================================
Received Import Request.
  Time since last request: 17.165628 seconds.
  path: Assets/Scripts/Coins/CoinsManager.cs
  artifactKey: Guid(952c453dee9c0cc44a228f40a057b81e) Importer(815301076,1909f56bfc062723c751e8b465ee728b)
Start importing Assets/Scripts/Coins/CoinsManager.cs using Guid(952c453dee9c0cc44a228f40a057b81e) Importer(815301076,1909f56bfc062723c751e8b465ee728b)  -> (artifact id: 'd1d88c10e7a95d5e65c9c846c128e335') in 1.337156 seconds
  Import took 1.464314 seconds .

========================================================================
Received Prepare
Registering precompiled user dll's ...
Registered in 0.004424 seconds.
Begin MonoManager ReloadAssembly
Native extension for WindowsStandalone target not found
Refreshing native plugins compatible for Editor in 1.08 ms, found 1 plugins.
Preloading 0 native plugins for Editor in 0.00 ms.
Invoked RoslynAnalysisRunner static constructor.
RoslynAnalysisRunner will not be running.
RoslynAnalysisRunner has terminated.
Mono: successfully reloaded assembly
- Completed reload, in  3.963 seconds
Platform modules already initialized, skipping
OnLevelWasLoaded was found on ReturnToMainMenu
This message has been deprecated and will be removed in a later version of Unity.
Add a delegate to SceneManager.sceneLoaded instead to get notifications after scene loading has completed

Refreshing native plugins compatible for Editor in 1.01 ms, found 1 plugins.
Preloading 0 native plugins for Editor in 0.00 ms.
Unloading 1967 Unused Serialized files (Serialized files now loaded: 0)
System memory in use before: 106.6 MB.
System memory in use after: 106.2 MB.

Unloading 14 unused Assets to reduce memory usage. Loaded Objects now: 2531.
Total: 10.363100 ms (FindLiveObjects: 0.646700 ms CreateObjectMapping: 0.129600 ms MarkObjects: 8.673100 ms  DeleteObjects: 0.909600 ms)

========================================================================
Received Prepare
Registering precompiled user dll's ...
Registered in 0.001828 seconds.
Begin MonoManager ReloadAssembly
Native extension for WindowsStandalone target not found
Refreshing native plugins compatible for Editor in 1.03 ms, found 1 plugins.
Preloading 0 native plugins for Editor in 0.00 ms.
Invoked RoslynAnalysisRunner static constructor.
RoslynAnalysisRunner will not be running.
RoslynAnalysisRunner has terminated.
Mono: successfully reloaded assembly
- Completed reload, in  5.941 seconds
Platform modules already initialized, skipping
OnLevelWasLoaded was found on ReturnToMainMenu
This message has been deprecated and will be removed in a later version of Unity.
Add a delegate to SceneManager.sceneLoaded instead to get notifications after scene loading has completed

Refreshing native plugins compatible for Editor in 3.39 ms, found 1 plugins.
Preloading 0 native plugins for Editor in 0.00 ms.
Unloading 1967 Unused Serialized files (Serialized files now loaded: 0)
System memory in use before: 106.6 MB.
System memory in use after: 106.2 MB.

Unloading 14 unused Assets to reduce memory usage. Loaded Objects now: 2535.
Total: 7.510600 ms (FindLiveObjects: 0.644400 ms CreateObjectMapping: 0.157700 ms MarkObjects: 5.868700 ms  DeleteObjects: 0.836400 ms)

========================================================================
Received Import Request.
  Time since last request: 266.267625 seconds.
  path: Assets/Scripts/Coins/CoinsManager.cs
  artifactKey: Guid(952c453dee9c0cc44a228f40a057b81e) Importer(815301076,1909f56bfc062723c751e8b465ee728b)
Start importing Assets/Scripts/Coins/CoinsManager.cs using Guid(952c453dee9c0cc44a228f40a057b81e) Importer(815301076,1909f56bfc062723c751e8b465ee728b)  -> (artifact id: '0ecb34d12b2c1dc3dc6aceaffc8c0d54') in 1.385746 seconds
  Import took 1.425609 seconds .

========================================================================
Received Prepare
Registering precompiled user dll's ...
Registered in 0.005152 seconds.
Begin MonoManager ReloadAssembly
Native extension for WindowsStandalone target not found
Refreshing native plugins compatible for Editor in 1.03 ms, found 1 plugins.
Preloading 0 native plugins for Editor in 0.00 ms.
Invoked RoslynAnalysisRunner static constructor.
RoslynAnalysisRunner will not be running.
RoslynAnalysisRunner has terminated.
Mono: successfully reloaded assembly
- Completed reload, in  3.392 seconds
Platform modules already initialized, skipping
OnLevelWasLoaded was found on ReturnToMainMenu
This message has been deprecated and will be removed in a later version of Unity.
Add a delegate to SceneManager.sceneLoaded instead to get notifications after scene loading has completed

Refreshing native plugins compatible for Editor in 1.00 ms, found 1 plugins.
Preloading 0 native plugins for Editor in 0.00 ms.
Unloading 1967 Unused Serialized files (Serialized files now loaded: 0)
System memory in use before: 106.6 MB.
System memory in use after: 106.2 MB.

Unloading 14 unused Assets to reduce memory usage. Loaded Objects now: 2539.
Total: 6.057600 ms (FindLiveObjects: 0.628500 ms CreateObjectMapping: 0.146800 ms MarkObjects: 4.221700 ms  DeleteObjects: 1.057900 ms)

